Using tokenizer: bpe
Loading training data...
SRC vocab size: 18691
TGT vocab size: 17246
Starting Epoch [1/20]
Epoch [1/20] complete in 550.341 seconds.
Train Loss: 104.251. Val Loss: 88.385
Saving state dict

Source: europa-parlamentet bør overveje , om det ikke ville være fornuftigt hurtigst muligt at sende en parlamentarisk delegation fra parlamentets udviklingsudvalg til pakistan .

Target: the european parliament should consider the advisability of sending a delegation of members of this parliament's committee on development and cooperation to pakistan as soon as possible .

Predicted: the european union has been a number of years , and the european union , on the european union , on the european union , on the european union .</s>
-----------------------------------------

Starting Epoch [2/20]
Epoch [2/20] complete in 556.807 seconds.
Train Loss: 82.762. Val Loss: 80.091
Saving state dict

Source: europa-parlamentet bør overveje , om det ikke ville være fornuftigt hurtigst muligt at sende en parlamentarisk delegation fra parlamentets udviklingsudvalg til pakistan .

Target: the european parliament should consider the advisability of sending a delegation of members of this parliament's committee on development and cooperation to pakistan as soon as possible .

Predicted: the report on the uk , the united kingdom , the united kingdom , the netherlands , the netherlands , the united kingdom , the netherlands , is the same as a year with the same year with the same year with the netherlands , of the netherlands , on
-----------------------------------------

Starting Epoch [3/20]
Epoch [3/20] complete in 554.593 seconds.
Train Loss: 74.563. Val Loss: 70.684
Saving state dict

Source: europa-parlamentet bør overveje , om det ikke ville være fornuftigt hurtigst muligt at sende en parlamentarisk delegation fra parlamentets udviklingsudvalg til pakistan .

Target: the european parliament should consider the advisability of sending a delegation of members of this parliament's committee on development and cooperation to pakistan as soon as possible .

Predicted: the european parliament , parliament , the french presidency , is a week of a party of his own country , on behalf of the pse group , on the british republic of the republic of the republic of the republic of ireland of ireland of ireland</s>
-----------------------------------------

Starting Epoch [4/20]
Epoch [4/20] complete in 553.745 seconds.
Train Loss: 66.009. Val Loss: 62.731
Saving state dict

Source: europa-parlamentet bør overveje , om det ikke ville være fornuftigt hurtigst muligt at sende en parlamentarisk delegation fra parlamentets udviklingsudvalg til pakistan .

Target: the european parliament should consider the advisability of sending a delegation of members of this parliament's committee on development and cooperation to pakistan as soon as possible .

Predicted: the european parliament , europe , parliament , on behalf of the european parliament , on a party of e-commerce , on a small group of a party of non-european non-european non-european non-european non-european non-european non
-----------------------------------------

Starting Epoch [5/20]
Epoch [5/20] complete in 554.507 seconds.
Train Loss: 58.441. Val Loss: 57.208
Saving state dict

Source: europa-parlamentet bør overveje , om det ikke ville være fornuftigt hurtigst muligt at sende en parlamentarisk delegation fra parlamentets udviklingsudvalg til pakistan .

Target: the european parliament should consider the advisability of sending a delegation of members of this parliament's committee on development and cooperation to pakistan as soon as possible .

Predicted: europe - the european parliament - the e-mail of the e-mail , on the e-mail , on the e-mail of the e-mail .</s>
-----------------------------------------

Starting Epoch [6/20]
Epoch [6/20] complete in 555.163 seconds.
Train Loss: 52.513. Val Loss: 54.057
Saving state dict

Source: europa-parlamentet bør overveje , om det ikke ville være fornuftigt hurtigst muligt at sende en parlamentarisk delegation fra parlamentets udviklingsudvalg til pakistan .

Target: the european parliament should consider the advisability of sending a delegation of members of this parliament's committee on development and cooperation to pakistan as soon as possible .

Predicted: the european union - the european parliament - mr posselt , on the e-mail , on a member of the european union , on the e-mail , on the e-a-a-deh-a-office of the e-a
-----------------------------------------

Starting Epoch [7/20]
Epoch [7/20] complete in 552.819 seconds.
Train Loss: 48.159. Val Loss: 51.030
Saving state dict

Source: europa-parlamentet bør overveje , om det ikke ville være fornuftigt hurtigst muligt at sende en parlamentarisk delegation fra parlamentets udviklingsudvalg til pakistan .

Target: the european parliament should consider the advisability of sending a delegation of members of this parliament's committee on development and cooperation to pakistan as soon as possible .

Predicted: the european union - parliament - the european parliament - on the home affairs of b5-04m , on a free alliance , on the e-mail of a party , on cmah-deh-deh-deah
-----------------------------------------

Starting Epoch [8/20]
Epoch [8/20] complete in 551.673 seconds.
Train Loss: 44.836. Val Loss: 49.377
Saving state dict

Source: europa-parlamentet bør overveje , om det ikke ville være fornuftigt hurtigst muligt at sende en parlamentarisk delegation fra parlamentets udviklingsudvalg til pakistan .

Target: the european parliament should consider the advisability of sending a delegation of members of this parliament's committee on development and cooperation to pakistan as soon as possible .

Predicted: europe - and parliament - is a member of the party of party - 'a5-04ma-waa-04mah-wahahahahaaaaaaaaaa
-----------------------------------------

Starting Epoch [9/20]
Epoch [9/20] complete in 553.187 seconds.
Train Loss: 42.155. Val Loss: 48.588
Saving state dict

Source: europa-parlamentet bør overveje , om det ikke ville være fornuftigt hurtigst muligt at sende en parlamentarisk delegation fra parlamentets udviklingsudvalg til pakistan .

Target: the european parliament should consider the advisability of sending a delegation of members of this parliament's committee on development and cooperation to pakistan as soon as possible .

Predicted: europe - parliament - s party - s party of initiative - is a member of mr haider' s party to directive no home-wonononmahonhonhonhonhonha .</s>
-----------------------------------------

Starting Epoch [10/20]
Epoch [10/20] complete in 552.525 seconds.
Train Loss: 39.915. Val Loss: 47.440
Saving state dict

Source: europa-parlamentet bør overveje , om det ikke ville være fornuftigt hurtigst muligt at sende en parlamentarisk delegation fra parlamentets udviklingsudvalg til pakistan .

Target: the european parliament should consider the advisability of sending a delegation of members of this parliament's committee on development and cooperation to pakistan as soon as possible .

Predicted: europe - as a parliament , mr poettering' s first- bhhhhhhhhhhon dhhhhhhhhhhhhhhhhhhhhhhhhh
-----------------------------------------

Starting Epoch [11/20]
Epoch [11/20] complete in 552.166 seconds.
Train Loss: 37.971. Val Loss: 46.777
Saving state dict

Source: europa-parlamentet bør overveje , om det ikke ville være fornuftigt hurtigst muligt at sende en parlamentarisk delegation fra parlamentets udviklingsudvalg til pakistan .

Target: the european parliament should consider the advisability of sending a delegation of members of this parliament's committee on development and cooperation to pakistan as soon as possible .

Predicted: europe - - parliament - on his head-h- mh-h- mh-h- mh-h- mh-h-h-o-h-h-oh-o-o-o-o-
-----------------------------------------

Starting Epoch [12/20]
Epoch [12/20] complete in 553.273 seconds.
Train Loss: 36.227. Val Loss: 46.398
Saving state dict

Source: europa-parlamentet bør overveje , om det ikke ville være fornuftigt hurtigst muligt at sende en parlamentarisk delegation fra parlamentets udviklingsudvalg til pakistan .

Target: the european parliament should consider the advisability of sending a delegation of members of this parliament's committee on development and cooperation to pakistan as soon as possible .

Predicted: europe - s parliament - is a member of its head-on-up to a european parliament , e-mail , by e-mail e-mail on a fully by e-mail .</s>
-----------------------------------------

Starting Epoch [13/20]
Epoch [13/20] complete in 549.281 seconds.
Train Loss: 34.614. Val Loss: 46.480

Source: europa-parlamentet bør overveje , om det ikke ville være fornuftigt hurtigst muligt at sende en parlamentarisk delegation fra parlamentets udviklingsudvalg til pakistan .

Target: the european parliament should consider the advisability of sending a delegation of members of this parliament's committee on development and cooperation to pakistan as soon as possible .

Predicted: europe - a parliament - is a bdmda for a head-a-ddoneh-o-o-wdeh-o-o-o-o-o-o-o-o-o
-----------------------------------------

Starting Epoch [14/20]
Epoch [14/20] complete in 550.779 seconds.
Train Loss: 33.125. Val Loss: 45.904
Saving state dict

Source: europa-parlamentet bør overveje , om det ikke ville være fornuftigt hurtigst muligt at sende en parlamentarisk delegation fra parlamentets udviklingsudvalg til pakistan .

Target: the european parliament should consider the advisability of sending a delegation of members of this parliament's committee on development and cooperation to pakistan as soon as possible .

Predicted: europe - cirirgira - a head of parliament - edda ed ed ed ed edir edir edir eir eir eir eir eir eir eir e
-----------------------------------------

Starting Epoch [15/20]
Epoch [15/20] complete in 550.301 seconds.
Train Loss: 31.752. Val Loss: 46.965

Source: europa-parlamentet bør overveje , om det ikke ville være fornuftigt hurtigst muligt at sende en parlamentarisk delegation fra parlamentets udviklingsudvalg til pakistan .

Target: the european parliament should consider the advisability of sending a delegation of members of this parliament's committee on development and cooperation to pakistan as soon as possible .

Predicted: europe - parliament - has a head of initiative for eww ewwwil lonine for ewirwil leine lle ewa .</s>
-----------------------------------------

Starting Epoch [16/20]
Epoch [16/20] complete in 551.660 seconds.
Train Loss: 30.476. Val Loss: 46.595

Source: europa-parlamentet bør overveje , om det ikke ville være fornuftigt hurtigst muligt at sende en parlamentarisk delegation fra parlamentets udviklingsudvalg til pakistan .

Target: the european parliament should consider the advisability of sending a delegation of members of this parliament's committee on development and cooperation to pakistan as soon as possible .

Predicted: europe - parliament - s head eddedan ewlenenenenenenine , has its headdine' s head of its headinehwenon with its headineineineineine l ewa
-----------------------------------------

Starting Epoch [17/20]
Epoch [17/20] complete in 556.272 seconds.
Train Loss: 29.280. Val Loss: 46.442

Source: europa-parlamentet bør overveje , om det ikke ville være fornuftigt hurtigst muligt at sende en parlamentarisk delegation fra parlamentets udviklingsudvalg til pakistan .

Target: the european parliament should consider the advisability of sending a delegation of members of this parliament's committee on development and cooperation to pakistan as soon as possible .

Predicted: europe - ca-nnna- ba-nnnon , has a head of a head of a head of a head of a bhonhw of tonhonhonhw ago by ba
-----------------------------------------

Starting Epoch [18/20]
Epoch [18/20] complete in 557.073 seconds.
Train Loss: 28.159. Val Loss: 46.740

Source: europa-parlamentet bør overveje , om det ikke ville være fornuftigt hurtigst muligt at sende en parlamentarisk delegation fra parlamentets udviklingsudvalg til pakistan .

Target: the european parliament should consider the advisability of sending a delegation of members of this parliament's committee on development and cooperation to pakistan as soon as possible .

Predicted: europe - parliament's head of initiative on cchca party of leochchabohon with no vutononononononononononon de b 9 mimir ehabir
-----------------------------------------

Starting Epoch [19/20]
Epoch [19/20] complete in 558.368 seconds.
Train Loss: 27.069. Val Loss: 47.022

Source: europa-parlamentet bør overveje , om det ikke ville være fornuftigt hurtigst muligt at sende en parlamentarisk delegation fra parlamentets udviklingsudvalg til pakistan .

Target: the european parliament should consider the advisability of sending a delegation of members of this parliament's committee on development and cooperation to pakistan as soon as possible .

Predicted: europe - parliament - its head of head-a- mima- bilacabtaba mimabo e-mail e-mail e- bacabtabtabtabtababababa m
-----------------------------------------

Starting Epoch [20/20]
Epoch [20/20] complete in 555.001 seconds.
Train Loss: 25.976. Val Loss: 47.857

Source: europa-parlamentet bør overveje , om det ikke ville være fornuftigt hurtigst muligt at sende en parlamentarisk delegation fra parlamentets udviklingsudvalg til pakistan .

Target: the european parliament should consider the advisability of sending a delegation of members of this parliament's committee on development and cooperation to pakistan as soon as possible .

Predicted: europe - parliament - has its headdutbpechucpechuonpechuonon buuonon de buuonontduduuuuuononon l m l m
-----------------------------------------

Training complete in 3.082 hours.
Best train loss: 33.1250966780474. Best val loss: 45.90431965976983. Attained at epoch 14
