Using tokenizer: bpe
Loading training data...
SRC vocab size: 17220
TGT vocab size: 18512
Starting Epoch [1/20]
Epoch [1/20] complete in 791.493 seconds.
Train Loss: 118.332. Val Loss: 100.775
Saving state dict

Source: surely we urgently need to guarantee better data protection and finally ensure that we have democratic and judicial scrutiny ?

Target: non e urgente garantire una migliore protezione dei dati ed infine assicurare un controllo democratico e giurisdizionale ?

Predicted: la commissione ha gia detto la commissione , in cui la sicurezza , la sicurezza , la sicurezza dei paesi di bilancio e di bilancio , in materia di bilancio .</s>
-----------------------------------------

Starting Epoch [2/20]
Epoch [2/20] complete in 796.477 seconds.
Train Loss: 93.755. Val Loss: 90.337
Saving state dict

Source: surely we urgently need to guarantee better data protection and finally ensure that we have democratic and judicial scrutiny ?

Target: non e urgente garantire una migliore protezione dei dati ed infine assicurare un controllo democratico e giurisdizionale ?

Predicted: in secondo luogo , la sua settimana si e un'altra parte di un'azione di un'azione di polizia , per cento di euro , di un'altro paese di lavoro di lavoro di lavoro di lavoro di lavoro di lavoro di lavoro di lavoro
-----------------------------------------

Starting Epoch [3/20]
Epoch [3/20] complete in 793.405 seconds.
Train Loss: 85.119. Val Loss: 81.835
Saving state dict

Source: surely we urgently need to guarantee better data protection and finally ensure that we have democratic and judicial scrutiny ?

Target: non e urgente garantire una migliore protezione dei dati ed infine assicurare un controllo democratico e giurisdizionale ?

Predicted: non e stato fatto che i suoi colleghi hanno avuto il suo lavoro di un'altra guerra , che ha avuto il suo lavoro , la sua guerra , la violenza , la violenza e la violenza , la violenza , la sua guerra-de , la sua
-----------------------------------------

Starting Epoch [4/20]
Epoch [4/20] complete in 788.347 seconds.
Train Loss: 76.030. Val Loss: 73.376
Saving state dict

Source: surely we urgently need to guarantee better data protection and finally ensure that we have democratic and judicial scrutiny ?

Target: non e urgente garantire una migliore protezione dei dati ed infine assicurare un controllo democratico e giurisdizionale ?

Predicted: non abbiamo mai sentito che i miei colleghi hanno avuto il suo nome , con l'onorevole van wogau , la sua citta di un'onorevole van york , la cui scorsa repubblica francese , la sua citta , la sua citta , la cui ha parlato ,
-----------------------------------------

Starting Epoch [5/20]
Epoch [5/20] complete in 786.587 seconds.
Train Loss: 68.066. Val Loss: 66.748
Saving state dict

Source: surely we urgently need to guarantee better data protection and finally ensure that we have democratic and judicial scrutiny ?

Target: non e urgente garantire una migliore protezione dei dati ed infine assicurare un controllo democratico e giurisdizionale ?

Predicted: non dimentichiamo che ci siamo in italia , ma i giornalisti , i bambini , i bambini , i quali l'onorevole kmad , i bambini , i bambini , i bambini , i bambini , i bambini , i bambini , i bambini , i bambini
-----------------------------------------

Starting Epoch [6/20]
Epoch [6/20] complete in 792.013 seconds.
Train Loss: 61.928. Val Loss: 62.628
Saving state dict

Source: surely we urgently need to guarantee better data protection and finally ensure that we have democratic and judicial scrutiny ?

Target: non e urgente garantire una migliore protezione dei dati ed infine assicurare un controllo democratico e giurisdizionale ?

Predicted: non ci sono le sue parole , il signor ministro , i quali si sono verificati le donne , le donne che si sono verificati , i donne , i quali il ministro , i donne , i quali l'onorevole fatuzzo , i donne , i quali l
-----------------------------------------

Starting Epoch [7/20]
Epoch [7/20] complete in 781.413 seconds.
Train Loss: 57.209. Val Loss: 60.294
Saving state dict

Source: surely we urgently need to guarantee better data protection and finally ensure that we have democratic and judicial scrutiny ?

Target: non e urgente garantire una migliore protezione dei dati ed infine assicurare un controllo democratico e giurisdizionale ?

Predicted: il signor kdyy weryss , il weryy weryy wyyk , il wyyyky wykykykyykykyky wy
-----------------------------------------

Starting Epoch [8/20]
Epoch [8/20] complete in 786.834 seconds.
Train Loss: 53.470. Val Loss: 57.700
Saving state dict

Source: surely we urgently need to guarantee better data protection and finally ensure that we have democratic and judicial scrutiny ?

Target: non e urgente garantire una migliore protezione dei dati ed infine assicurare un controllo democratico e giurisdizionale ?

Predicted: non dimentichiamo che vi sono morti sauuud , oner , che si e perso l'onorevole wery , onorevole wery , hauddd , onorevole wonddddh , onorevole won
-----------------------------------------

Starting Epoch [9/20]
Epoch [9/20] complete in 785.538 seconds.
Train Loss: 50.435. Val Loss: 56.492
Saving state dict

Source: surely we urgently need to guarantee better data protection and finally ensure that we have democratic and judicial scrutiny ?

Target: non e urgente garantire una migliore protezione dei dati ed infine assicurare un controllo democratico e giurisdizionale ?

Predicted: non e certo il caso di doudddddddddddddddddddddddddddddddddddddddddd
-----------------------------------------

Starting Epoch [10/20]
Epoch [10/20] complete in 784.875 seconds.
Train Loss: 47.784. Val Loss: 55.339
Saving state dict

Source: surely we urgently need to guarantee better data protection and finally ensure that we have democratic and judicial scrutiny ?

Target: non e urgente garantire una migliore protezione dei dati ed infine assicurare un controllo democratico e giurisdizionale ?

Predicted: non dimentichiamo che abbiamo bauuddddddddddddddddddddddddddddddddddddddddddd
-----------------------------------------

Starting Epoch [11/20]
Epoch [11/20] complete in 783.776 seconds.
Train Loss: 45.488. Val Loss: 54.316
Saving state dict

Source: surely we urgently need to guarantee better data protection and finally ensure that we have democratic and judicial scrutiny ?

Target: non e urgente garantire una migliore protezione dei dati ed infine assicurare un controllo democratico e giurisdizionale ?

Predicted: e' inutile onorevole junherson , onorevoli colleghi , ricordare nierylyherson , raueryherson , rauerh , raueran wunherherh , ral
-----------------------------------------

Starting Epoch [12/20]
Epoch [12/20] complete in 782.832 seconds.
Train Loss: 43.448. Val Loss: 53.782
Saving state dict

Source: surely we urgently need to guarantee better data protection and finally ensure that we have democratic and judicial scrutiny ?

Target: non e urgente garantire una migliore protezione dei dati ed infine assicurare un controllo democratico e giurisdizionale ?

Predicted: non basta , onerdodododododododododo ,  ererer ,   ererer , onerererererererer , erererererererer
-----------------------------------------

Starting Epoch [13/20]
Epoch [13/20] complete in 777.868 seconds.
Train Loss: 41.530. Val Loss: 54.043

Source: surely we urgently need to guarantee better data protection and finally ensure that we have democratic and judicial scrutiny ?

Target: non e urgente garantire una migliore protezione dei dati ed infine assicurare un controllo democratico e giurisdizionale ?

Predicted: e' vero che noi cuuerherherherherherherherherherherherherhherherherherhhhhhhhhh
-----------------------------------------

Starting Epoch [14/20]
Epoch [14/20] complete in 777.845 seconds.
Train Loss: 39.788. Val Loss: 53.816

Source: surely we urgently need to guarantee better data protection and finally ensure that we have democratic and judicial scrutiny ?

Target: non e urgente garantire una migliore protezione dei dati ed infine assicurare un controllo democratico e giurisdizionale ?

Predicted: non cudoudoudoudoudout , uery , uery ,  ut , uerymauery , ueryunhery ,  
-----------------------------------------

Starting Epoch [15/20]
Epoch [15/20] complete in 785.211 seconds.
Train Loss: 38.145. Val Loss: 53.097
Saving state dict

Source: surely we urgently need to guarantee better data protection and finally ensure that we have democratic and judicial scrutiny ?

Target: non e urgente garantire una migliore protezione dei dati ed infine assicurare un controllo democratico e giurisdizionale ?

Predicted: non e certo che un'acubaugenerazione dell'auguugenerson ,     eryunhan rath , erson ,           
-----------------------------------------

Starting Epoch [16/20]
Epoch [16/20] complete in 785.472 seconds.
Train Loss: 36.610. Val Loss: 53.495

Source: surely we urgently need to guarantee better data protection and finally ensure that we have democratic and judicial scrutiny ?

Target: non e urgente garantire una migliore protezione dei dati ed infine assicurare un controllo democratico e giurisdizionale ?

Predicted: e' vero che 0140/ujeri/ujener , uery , uery , ueryherson , ueryjose ujenery , h
-----------------------------------------

Starting Epoch [17/20]
Epoch [17/20] complete in 788.817 seconds.
Train Loss: 35.129. Val Loss: 54.204

Source: surely we urgently need to guarantee better data protection and finally ensure that we have democratic and judicial scrutiny ?

Target: non e urgente garantire una migliore protezione dei dati ed infine assicurare un controllo democratico e giurisdizionale ?

Predicted: il ery , uyunbath , uyunh cuuba , uyunh , hery robath , hery , hery robaz roth ,
-----------------------------------------

Starting Epoch [18/20]
Epoch [18/20] complete in 763.684 seconds.
Train Loss: 33.771. Val Loss: 54.831

Source: surely we urgently need to guarantee better data protection and finally ensure that we have democratic and judicial scrutiny ?

Target: non e urgente garantire una migliore protezione dei dati ed infine assicurare un controllo democratico e giurisdizionale ?

Predicted: e' vero che ,  volta cuuyuny volta ray , uerysson , de costay , costate de costayarson , ueryarson , costaeryarson , costaery
-----------------------------------------

Starting Epoch [19/20]
Epoch [19/20] complete in 749.872 seconds.
Train Loss: 32.411. Val Loss: 54.204

Source: surely we urgently need to guarantee better data protection and finally ensure that we have democratic and judicial scrutiny ?

Target: non e urgente garantire una migliore protezione dei dati ed infine assicurare un controllo democratico e giurisdizionale ?

Predicted: non e vero che , onorevole ueryunherson , ueryunheran , uerson , uerherherherson , uerunherunh cuh
-----------------------------------------

Starting Epoch [20/20]
Epoch [20/20] complete in 748.568 seconds.
Train Loss: 31.128. Val Loss: 55.327

Source: surely we urgently need to guarantee better data protection and finally ensure that we have democratic and judicial scrutiny ?

Target: non e urgente garantire una migliore protezione dei dati ed infine assicurare un controllo democratico e giurisdizionale ?

Predicted: naturalmente , onorevoli colleghi , costatiamovaujiauson , uiath , uiate , u volta rate , uiate , uiate punh volta rou volta rau volta p
-----------------------------------------

Training complete in 4.350 hours.
Best train loss: 38.144561656529675. Best val loss: 53.09700571117252. Attained at epoch 15
