Using tokenizer: bpe
Loading training data...
SRC vocab size: 18689
TGT vocab size: 17245
Starting Epoch [1/30]
Epoch [1/30] complete in 819.522 seconds.
Train Loss: 104.743. Val Loss: 88.900
Saving state dict

Source: in den betrieben ist die iso 9000 schon selbstverstandlich geworden .

Target: iso 9000 is already taken for granted in firms .

Predicted: the commission has been made a number of years to be able to be able to be able to be able to be able to be able to be able to be able to be able to be able to be able to be able to make to make to
-----------------------------------------

Starting Epoch [2/30]
Epoch [2/30] complete in 818.107 seconds.
Train Loss: 83.614. Val Loss: 81.608
Saving state dict

Source: in den betrieben ist die iso 9000 schon selbstverstandlich geworden .

Target: iso 9000 is already taken for granted in firms .

Predicted: in the same time , the euro has been made in the same time , the other countries have been made in the same time .
-----------------------------------------

Starting Epoch [3/30]
Epoch [3/30] complete in 802.537 seconds.
Train Loss: 76.728. Val Loss: 76.595
Saving state dict

Source: in den betrieben ist die iso 9000 schon selbstverstandlich geworden .

Target: iso 9000 is already taken for granted in firms .

Predicted: in the case of the number of cases , the number of people have been able to have a great deal of the case of the war .
-----------------------------------------

Starting Epoch [4/30]
Epoch [4/30] complete in 794.444 seconds.
Train Loss: 70.988. Val Loss: 70.861
Saving state dict

Source: in den betrieben ist die iso 9000 schon selbstverstandlich geworden .

Target: iso 9000 is already taken for granted in firms .

Predicted: in the case of the number of cases , the number of people have been killed in the past , which is still a number of cases .
-----------------------------------------

Starting Epoch [5/30]
Epoch [5/30] complete in 794.620 seconds.
Train Loss: 64.522. Val Loss: 65.405
Saving state dict

Source: in den betrieben ist die iso 9000 schon selbstverstandlich geworden .

Target: iso 9000 is already taken for granted in firms .

Predicted: the number of substances have already been mentioned , as has already been mentioned , since the number of the substances are already being distributed .
-----------------------------------------

Starting Epoch [6/30]
Epoch [6/30] complete in 793.144 seconds.
Train Loss: 58.326. Val Loss: 60.484
Saving state dict

Source: in den betrieben ist die iso 9000 schon selbstverstandlich geworden .

Target: iso 9000 is already taken for granted in firms .

Predicted: there has been already been a number of times for the number of tonnes of 000 tonnes of the number of tonnes of 000 .
-----------------------------------------

Starting Epoch [7/30]
Epoch [7/30] complete in 792.343 seconds.
Train Loss: 53.203. Val Loss: 58.015
Saving state dict

Source: in den betrieben ist die iso 9000 schon selbstverstandlich geworden .

Target: iso 9000 is already taken for granted in firms .

Predicted: the number of flax has , of course , already been the case of the number of tonnes of the aircraft , which has already been distributed .
-----------------------------------------

Starting Epoch [8/30]
Epoch [8/30] complete in 794.395 seconds.
Train Loss: 49.122. Val Loss: 55.395
Saving state dict

Source: in den betrieben ist die iso 9000 schon selbstverstandlich geworden .

Target: iso 9000 is already taken for granted in firms .

Predicted: the ca-ma has already become a result of the ca-ma , of which the ca has already been made in the form of 80% .
-----------------------------------------

Starting Epoch [9/30]
Epoch [9/30] complete in 801.433 seconds.
Train Loss: 45.843. Val Loss: 53.820
Saving state dict

Source: in den betrieben ist die iso 9000 schon selbstverstandlich geworden .

Target: iso 9000 is already taken for granted in firms .

Predicted: the ca5-000 million has already been given a considerable impact on the number of tonnes of cereals .
-----------------------------------------

Starting Epoch [10/30]
Epoch [10/30] complete in 831.823 seconds.
Train Loss: 43.152. Val Loss: 52.971
Saving state dict

Source: in den betrieben ist die iso 9000 schon selbstverstandlich geworden .

Target: iso 9000 is already taken for granted in firms .

Predicted: the average rate of eur 20000 billion has already been made , of course , already been reduced in the case of the cam per annum .
-----------------------------------------

Starting Epoch [11/30]
Epoch [11/30] complete in 813.896 seconds.
Train Loss: 40.822. Val Loss: 52.455
Saving state dict

Source: in den betrieben ist die iso 9000 schon selbstverstandlich geworden .

Target: iso 9000 is already taken for granted in firms .

Predicted: the berlin300 has , of course , already become a success , already set aside , and the emission rate has already been set up in the field .
-----------------------------------------

Starting Epoch [12/30]
Epoch [12/30] complete in 812.403 seconds.
Train Loss: 38.801. Val Loss: 52.189
Saving state dict

Source: in den betrieben ist die iso 9000 schon selbstverstandlich geworden .

Target: iso 9000 is already taken for granted in firms .

Predicted: in the case of eur 5900 million , obviously the emission levels have already been increased in the case of the stocks .
-----------------------------------------

Starting Epoch [13/30]
Epoch [13/30] complete in 807.571 seconds.
Train Loss: 36.938. Val Loss: 51.766
Saving state dict

Source: in den betrieben ist die iso 9000 schon selbstverstandlich geworden .

Target: iso 9000 is already taken for granted in firms .

Predicted: in the case of the percentage of 70000 , the emission has already been increased , of course , and the emission has already been exceeded .
-----------------------------------------

Starting Epoch [14/30]
Epoch [14/30] complete in 807.851 seconds.
Train Loss: 35.280. Val Loss: 52.361

Source: in den betrieben ist die iso 9000 schon selbstverstandlich geworden .

Target: iso 9000 is already taken for granted in firms .

Predicted: the emission of eur 59000 has , of course , already been declared , already 1000 000 per cent in the company .
-----------------------------------------

Starting Epoch [15/30]
Epoch [15/30] complete in 798.123 seconds.
Train Loss: 33.743. Val Loss: 52.398

Source: in den betrieben ist die iso 9000 schon selbstverstandlich geworden .

Target: iso 9000 is already taken for granted in firms .

Predicted: in the case of the monthly than the monthly 5300 , it has already been clearly taken in the place for 100 000 tonnes .
-----------------------------------------

Starting Epoch [16/30]
Epoch [16/30] complete in 796.711 seconds.
Train Loss: 32.283. Val Loss: 53.235

Source: in den betrieben ist die iso 9000 schon selbstverstandlich geworden .

Target: iso 9000 is already taken for granted in firms .

Predicted: in the industry , the percentage of 700000 has already already been , of course , already in the industry .
-----------------------------------------

Starting Epoch [17/30]
Epoch [17/30] complete in 789.300 seconds.
Train Loss: 30.919. Val Loss: 53.534

Source: in den betrieben ist die iso 9000 schon selbstverstandlich geworden .

Target: iso 9000 is already taken for granted in firms .

Predicted: in the case of the 1000 , the international00 has clearly already been , of course , already in the company .
-----------------------------------------

Starting Epoch [18/30]
Epoch [18/30] complete in 830.529 seconds.
Train Loss: 29.671. Val Loss: 53.683

Source: in den betrieben ist die iso 9000 schon selbstverstandlich geworden .

Target: iso 9000 is already taken for granted in firms .

Predicted: of course , the 5000 , has already become , of course , already happened in the number of cases , and the estimated 700 .
-----------------------------------------

Starting Epoch [19/30]
Epoch [19/30] complete in 813.675 seconds.
Train Loss: 28.472. Val Loss: 54.922

Source: in den betrieben ist die iso 9000 schon selbstverstandlich geworden .

Target: iso 9000 is already taken for granted in firms .

Predicted: in some cases , the eur 980 has already been made , of course , already risen .
-----------------------------------------

Starting Epoch [20/30]
Epoch [20/30] complete in 791.577 seconds.
Train Loss: 27.326. Val Loss: 54.883

Source: in den betrieben ist die iso 9000 schon selbstverstandlich geworden .

Target: iso 9000 is already taken for granted in firms .

Predicted: in the industry , the international000 was , of course , already already become clear , than was taken in the per cent , 000 stocks have already .
-----------------------------------------

Starting Epoch [21/30]
Epoch [21/30] complete in 825.094 seconds.
Train Loss: 26.215. Val Loss: 55.076

Source: in den betrieben ist die iso 9000 schon selbstverstandlich geworden .

Target: iso 9000 is already taken for granted in firms .

Predicted: in companies , the iso 10000 was clearly already declared that 7000 .
-----------------------------------------

Starting Epoch [22/30]
Epoch [22/30] complete in 781.576 seconds.
Train Loss: 25.135. Val Loss: 56.929

Source: in den betrieben ist die iso 9000 schon selbstverstandlich geworden .

Target: iso 9000 is already taken for granted in firms .

Predicted: in companies , the iso 10000 was clearly already significant .
-----------------------------------------

Starting Epoch [23/30]
Epoch [23/30] complete in 804.031 seconds.
Train Loss: 24.088. Val Loss: 57.031

Source: in den betrieben ist die iso 9000 schon selbstverstandlich geworden .

Target: iso 9000 is already taken for granted in firms .

Predicted: in companies , the iso 100000 was , of course , already significant .
-----------------------------------------

Starting Epoch [24/30]
Epoch [24/30] complete in 810.403 seconds.
Train Loss: 23.090. Val Loss: 58.741

Source: in den betrieben ist die iso 9000 schon selbstverstandlich geworden .

Target: iso 9000 is already taken for granted in firms .

Predicted: there have already been clearly iso iso iso iso iso0000 , but the iso iso0000000 have already made .
-----------------------------------------

Starting Epoch [25/30]
Epoch [25/30] complete in 797.774 seconds.
Train Loss: 22.102. Val Loss: 59.321

Source: in den betrieben ist die iso 9000 schon selbstverstandlich geworden .

Target: iso 9000 is already taken for granted in firms .

Predicted: there have already been some significant iso iso iso000 , but there have already already been some iso000000 .
-----------------------------------------

Starting Epoch [26/30]
Epoch [26/30] complete in 790.126 seconds.
Train Loss: 21.194. Val Loss: 60.625

Source: in den betrieben ist die iso 9000 schon selbstverstandlich geworden .

Target: iso 9000 is already taken for granted in firms .

Predicted: in the companies , the iso iso000 have , of course , already been clearly , already than iso00 000 has been achieved .
-----------------------------------------

Starting Epoch [27/30]
Epoch [27/30] complete in 787.205 seconds.
Train Loss: 20.326. Val Loss: 60.457

Source: in den betrieben ist die iso 9000 schon selbstverstandlich geworden .

Target: iso 9000 is already taken for granted in firms .

Predicted: there have already been some clearly iso iso iso iso iso iso iso iso iso iso iso iso iso iso iso iso iso iso iso iso iso000 .
-----------------------------------------

Starting Epoch [28/30]
Epoch [28/30] complete in 787.679 seconds.
Train Loss: 19.467. Val Loss: 62.230

Source: in den betrieben ist die iso 9000 schon selbstverstandlich geworden .

Target: iso 9000 is already taken for granted in firms .

Predicted: the iso0000 has already , of course , already been clearly significant already in the per se has been had already significant .
-----------------------------------------

Starting Epoch [29/30]
Epoch [29/30] complete in 786.319 seconds.
Train Loss: 18.632. Val Loss: 62.523

Source: in den betrieben ist die iso 9000 schon selbstverstandlich geworden .

Target: iso 9000 is already taken for granted in firms .

Predicted: in companies , the iso iso iso iso iso iso iso00 have already had already had a considerable rise had had had already had been made .
-----------------------------------------

Starting Epoch [30/30]
Epoch [30/30] complete in 797.427 seconds.
Train Loss: 17.885. Val Loss: 63.785

Source: in den betrieben ist die iso 9000 schon selbstverstandlich geworden .

Target: iso 9000 is already taken for granted in firms .

Predicted: in the case of the coal has already , of course , already clearly , significant exceed iso iso iso iso00 .
-----------------------------------------

Training complete in 6.695 hours.
Best train loss: 36.93795847267351. Best val loss: 51.76576788086176. Attained at epoch 13

Loading best model.
Scoring the test set...
Scoring complete in 193.689 minutes.
BLEU : 0.28599020485539045
CHRF : 0.5347118787552936
