Loding training data...
SRC vocab size: 30080
TGT vocab size: 18065
Starting Epoch [1/30]
Epoch [1/30] complete in 810.093 seconds.
Train Loss: 98.727. Val Loss: 82.720
Saving state dict

Source: Lloyd 's bat darin um die schriftliche Bestatigung binnen sieben Tagen , dass dieser Burger von allen weiteren Maﬂnahmen Abstand nehmen wird , die eine Verletzung des Abrechnungsvertrages bedeuten .

Target: Lloyd 's therefore requested written confirmation within seven days that this citizen would desist from taking any further action in breach of the settlement agreement .

Predicted:  The European Union has been taken to the same time , which is not a number of years , is not to be taken by the European Union . </s>
-----------------------------------------

Starting Epoch [2/30]
Epoch [2/30] complete in 808.104 seconds.
Train Loss: 78.694. Val Loss: 74.287
Saving state dict

Source: Lloyd 's bat darin um die schriftliche Bestatigung binnen sieben Tagen , dass dieser Burger von allen weiteren Maﬂnahmen Abstand nehmen wird , die eine Verletzung des Abrechnungsvertrages bedeuten .

Target: Lloyd 's therefore requested written confirmation within seven days that this citizen would desist from taking any further action in breach of the settlement agreement .

Predicted:  The second point is that the Council has been able to make a number of measures to be able to be able to make a number of measures in the same time . </s>
-----------------------------------------

Starting Epoch [3/30]
Epoch [3/30] complete in 807.269 seconds.
Train Loss: 70.780. Val Loss: 66.983
Saving state dict

Source: Lloyd 's bat darin um die schriftliche Bestatigung binnen sieben Tagen , dass dieser Burger von allen weiteren Maﬂnahmen Abstand nehmen wird , die eine Verletzung des Abrechnungsvertrages bedeuten .

Target: Lloyd 's therefore requested written confirmation within seven days that this citizen would desist from taking any further action in breach of the settlement agreement .

Predicted:  The French Presidency has made the opportunity to see that the Swedish Presidency has to be able to ensure that the public is being able to be able to achieve . </s>
-----------------------------------------

Starting Epoch [4/30]
Epoch [4/30] complete in 804.294 seconds.
Train Loss: 63.333. Val Loss: 60.560
Saving state dict

Source: Lloyd 's bat darin um die schriftliche Bestatigung binnen sieben Tagen , dass dieser Burger von allen weiteren Maﬂnahmen Abstand nehmen wird , die eine Verletzung des Abrechnungsvertrages bedeuten .

Target: Lloyd 's therefore requested written confirmation within seven days that this citizen would desist from taking any further action in breach of the settlement agreement .

Predicted:  The final statement was made by the previous speaker to say that all the people are able to take account of the necessary measures that are being used . </s>
-----------------------------------------

Starting Epoch [5/30]
Epoch [5/30] complete in 806.637 seconds.
Train Loss: 57.114. Val Loss: 56.741
Saving state dict

Source: Lloyd 's bat darin um die schriftliche Bestatigung binnen sieben Tagen , dass dieser Burger von allen weiteren Maﬂnahmen Abstand nehmen wird , die eine Verletzung des Abrechnungsvertrages bedeuten .

Target: Lloyd 's therefore requested written confirmation within seven days that this citizen would desist from taking any further action in breach of the settlement agreement .

Predicted:  The final statement was asked to say that the honourable Member ' s citizens will be able to take account of all the measures to be taken into force . </s>
-----------------------------------------

Starting Epoch [6/30]
Epoch [6/30] complete in 807.117 seconds.
Train Loss: 52.121. Val Loss: 53.740
Saving state dict

Source: Lloyd 's bat darin um die schriftliche Bestatigung binnen sieben Tagen , dass dieser Burger von allen weiteren Maﬂnahmen Abstand nehmen wird , die eine Verletzung des Abrechnungsvertrages bedeuten .

Target: Lloyd 's therefore requested written confirmation within seven days that this citizen would desist from taking any further action in breach of the settlement agreement .

Predicted:  The letter was asked to read the letter of the letter that all these citizens will be able to take the right to take a crime . </s>
-----------------------------------------

Starting Epoch [7/30]
Epoch [7/30] complete in 803.074 seconds.
Train Loss: 48.242. Val Loss: 51.495
Saving state dict

Source: Lloyd 's bat darin um die schriftliche Bestatigung binnen sieben Tagen , dass dieser Burger von allen weiteren Maﬂnahmen Abstand nehmen wird , die eine Verletzung des Abrechnungsvertrages bedeuten .

Target: Lloyd 's therefore requested written confirmation within seven days that this citizen would desist from taking any further action in breach of the settlement agreement .

Predicted:  As the author has asked for the letter of seven days , the citizens ' need to take account of all the measures that are being held in favour of the crime . </s>
-----------------------------------------

Starting Epoch [8/30]
Epoch [8/30] complete in 807.829 seconds.
Train Loss: 45.088. Val Loss: 49.699
Saving state dict

Source: Lloyd 's bat darin um die schriftliche Bestatigung binnen sieben Tagen , dass dieser Burger von allen weiteren Maﬂnahmen Abstand nehmen wird , die eine Verletzung des Abrechnungsvertrages bedeuten .

Target: Lloyd 's therefore requested written confirmation within seven days that this citizen would desist from taking any further action in breach of the settlement agreement .

Predicted:  The written version asked for the letter of seven days that these citizens will be given a violation of the situation of the human rights . </s>
-----------------------------------------

Starting Epoch [9/30]
Epoch [9/30] complete in 804.303 seconds.
Train Loss: 42.492. Val Loss: 48.097
Saving state dict

Source: Lloyd 's bat darin um die schriftliche Bestatigung binnen sieben Tagen , dass dieser Burger von allen weiteren Maﬂnahmen Abstand nehmen wird , die eine Verletzung des Abrechnungsvertrages bedeuten .

Target: Lloyd 's therefore requested written confirmation within seven days that this citizen would desist from taking any further action in breach of the settlement agreement .

Predicted:  As Mr Sacredeus asked , the letter was sent to the letter of seven days that all of these citizens are being threatened by a violation of the war . </s>
-----------------------------------------

Starting Epoch [10/30]
Epoch [10/30] complete in 805.880 seconds.
Train Loss: 40.288. Val Loss: 47.913
Saving state dict

Source: Lloyd 's bat darin um die schriftliche Bestatigung binnen sieben Tagen , dass dieser Burger von allen weiteren Maﬂnahmen Abstand nehmen wird , die eine Verletzung des Abrechnungsvertrages bedeuten .

Target: Lloyd 's therefore requested written confirmation within seven days that this citizen would desist from taking any further action in breach of the settlement agreement .

Predicted:  The statements made by Mr Kinnock asked for seven days that this citizens will be replaced by a violation of the disease . </s>
-----------------------------------------

Starting Epoch [11/30]
Epoch [11/30] complete in 813.913 seconds.
Train Loss: 38.301. Val Loss: 47.432
Saving state dict

Source: Lloyd 's bat darin um die schriftliche Bestatigung binnen sieben Tagen , dass dieser Burger von allen weiteren Maﬂnahmen Abstand nehmen wird , die eine Verletzung des Abrechnungsvertrages bedeuten .

Target: Lloyd 's therefore requested written confirmation within seven days that this citizen would desist from taking any further action in breach of the settlement agreement .

Predicted:  According to the written letter , the Council asked seven more than seven other measures which will mean a violation of the law . </s>
-----------------------------------------

Starting Epoch [12/30]
Epoch [12/30] complete in 804.812 seconds.
Train Loss: 36.564. Val Loss: 47.655

Source: Lloyd 's bat darin um die schriftliche Bestatigung binnen sieben Tagen , dass dieser Burger von allen weiteren Maﬂnahmen Abstand nehmen wird , die eine Verletzung des Abrechnungsvertrages bedeuten .

Target: Lloyd 's therefore requested written confirmation within seven days that this citizen would desist from taking any further action in breach of the settlement agreement .

Predicted:  According to the letter of yesterday , seven days ago , the written official request that these citizens take up the same measures which mean a violation of the sugar . </s>
-----------------------------------------

Starting Epoch [13/30]
Epoch [13/30] complete in 805.581 seconds.
Train Loss: 34.968. Val Loss: 47.336
Saving state dict

Source: Lloyd 's bat darin um die schriftliche Bestatigung binnen sieben Tagen , dass dieser Burger von allen weiteren Maﬂnahmen Abstand nehmen wird , die eine Verletzung des Abrechnungsvertrages bedeuten .

Target: Lloyd 's therefore requested written confirmation within seven days that this citizen would desist from taking any further action in breach of the settlement agreement .

Predicted:  According to the written letter in the letter of seven days , the Members of Parliament asked to close their citizens to a violation of the war . </s>
-----------------------------------------

Starting Epoch [14/30]
Epoch [14/30] complete in 806.576 seconds.
Train Loss: 33.491. Val Loss: 46.803
Saving state dict

Source: Lloyd 's bat darin um die schriftliche Bestatigung binnen sieben Tagen , dass dieser Burger von allen weiteren Maﬂnahmen Abstand nehmen wird , die eine Verletzung des Abrechnungsvertrages bedeuten .

Target: Lloyd 's therefore requested written confirmation within seven days that this citizen would desist from taking any further action in breach of the settlement agreement .

Predicted:  He asked for the written letter to be sent to the Members of Parliament that they will be following any further measures which are called a violation of the euro . </s>
-----------------------------------------

Starting Epoch [15/30]
Epoch [15/30] complete in 802.066 seconds.
Train Loss: 32.119. Val Loss: 47.138

Source: Lloyd 's bat darin um die schriftliche Bestatigung binnen sieben Tagen , dass dieser Burger von allen weiteren Maﬂnahmen Abstand nehmen wird , die eine Verletzung des Abrechnungsvertrages bedeuten .

Target: Lloyd 's therefore requested written confirmation within seven days that this citizen would desist from taking any further action in breach of the settlement agreement .

Predicted:  It was asked to withdraw the letter of seven days that this citizen will be compared to any further measures which would mean a violation of the human rights . </s>
-----------------------------------------

Starting Epoch [16/30]
Epoch [16/30] complete in 805.195 seconds.
Train Loss: 30.793. Val Loss: 47.464

Source: Lloyd 's bat darin um die schriftliche Bestatigung binnen sieben Tagen , dass dieser Burger von allen weiteren Maﬂnahmen Abstand nehmen wird , die eine Verletzung des Abrechnungsvertrages bedeuten .

Target: Lloyd 's therefore requested written confirmation within seven days that this citizen would desist from taking any further action in breach of the settlement agreement .

Predicted:  According to the written letter , it has been asked for the written letter that the citizens will abandon all further measures which cause a violation of the euro . </s>
-----------------------------------------

Starting Epoch [17/30]
Epoch [17/30] complete in 804.169 seconds.
Train Loss: 29.572. Val Loss: 46.924

Source: Lloyd 's bat darin um die schriftliche Bestatigung binnen sieben Tagen , dass dieser Burger von allen weiteren Maﬂnahmen Abstand nehmen wird , die eine Verletzung des Abrechnungsvertrages bedeuten .

Target: Lloyd 's therefore requested written confirmation within seven days that this citizen would desist from taking any further action in breach of the settlement agreement .

Predicted:  It was reported in the letter of seven days that this citizen is going to close up the violation of the state of justice . </s>
-----------------------------------------

Starting Epoch [18/30]
Epoch [18/30] complete in 800.672 seconds.
Train Loss: 28.398. Val Loss: 47.804

Source: Lloyd 's bat darin um die schriftliche Bestatigung binnen sieben Tagen , dass dieser Burger von allen weiteren Maﬂnahmen Abstand nehmen wird , die eine Verletzung des Abrechnungsvertrages bedeuten .

Target: Lloyd 's therefore requested written confirmation within seven days that this citizen would desist from taking any further action in breach of the settlement agreement .

Predicted:  It was asked by Mr Kinnock in his written days that all the other measures are worse at the loss of the state of affairs . </s>
-----------------------------------------

Starting Epoch [19/30]
Epoch [19/30] complete in 801.954 seconds.
Train Loss: 27.297. Val Loss: 48.885

Source: Lloyd 's bat darin um die schriftliche Bestatigung binnen sieben Tagen , dass dieser Burger von allen weiteren Maﬂnahmen Abstand nehmen wird , die eine Verletzung des Abrechnungsvertrages bedeuten .

Target: Lloyd 's therefore requested written confirmation within seven days that this citizen would desist from taking any further action in breach of the settlement agreement .

Predicted:  It is suggested that the written document would withdraw seven days of this House that all further measures that would entail a violation of the euro . </s>
-----------------------------------------

Starting Epoch [20/30]
Epoch [20/30] complete in 801.993 seconds.
Train Loss: 26.319. Val Loss: 48.799

Source: Lloyd 's bat darin um die schriftliche Bestatigung binnen sieben Tagen , dass dieser Burger von allen weiteren Maﬂnahmen Abstand nehmen wird , die eine Verletzung des Abrechnungsvertrages bedeuten .

Target: Lloyd 's therefore requested written confirmation within seven days that this citizen would desist from taking any further action in breach of the settlement agreement .

Predicted:  The written document asked that it was written in a eight days to withdraw all the citizens ' initiatives , which would mean a violation of the euro . </s>
-----------------------------------------

Starting Epoch [21/30]
Epoch [21/30] complete in 802.709 seconds.
Train Loss: 25.329. Val Loss: 49.756

Source: Lloyd 's bat darin um die schriftliche Bestatigung binnen sieben Tagen , dass dieser Burger von allen weiteren Maﬂnahmen Abstand nehmen wird , die eine Verletzung des Abrechnungsvertrages bedeuten .

Target: Lloyd 's therefore requested written confirmation within seven days that this citizen would desist from taking any further action in breach of the settlement agreement .

Predicted:  It was asked by Mr Kinnock to withdraw the written written letter that this citizen will take a blind eye to all measures which would mean a violation . </s>
-----------------------------------------

Starting Epoch [22/30]
Epoch [22/30] complete in 800.878 seconds.
Train Loss: 24.345. Val Loss: 50.244

Source: Lloyd 's bat darin um die schriftliche Bestatigung binnen sieben Tagen , dass dieser Burger von allen weiteren Maﬂnahmen Abstand nehmen wird , die eine Verletzung des Abrechnungsvertrages bedeuten .

Target: Lloyd 's therefore requested written confirmation within seven days that this citizen would desist from taking any further action in breach of the settlement agreement .

Predicted:  It was suggested by Mr face in his written statement that this citizen should be transferred to all other measures which would entail a violation of the euro system . </s>
-----------------------------------------

Starting Epoch [23/30]
Epoch [23/30] complete in 802.104 seconds.
Train Loss: 23.397. Val Loss: 50.743

Source: Lloyd 's bat darin um die schriftliche Bestatigung binnen sieben Tagen , dass dieser Burger von allen weiteren Maﬂnahmen Abstand nehmen wird , die eine Verletzung des Abrechnungsvertrages bedeuten .

Target: Lloyd 's therefore requested written confirmation within seven days that this citizen would desist from taking any further action in breach of the settlement agreement .

Predicted:  The Commission asked Mr lack of written seven days for the written person to close the fact that all other measures are contrary to a violation of the euro . </s>
-----------------------------------------

Starting Epoch [24/30]
Epoch [24/30] complete in 801.529 seconds.
Train Loss: 22.503. Val Loss: 51.068

Source: Lloyd 's bat darin um die schriftliche Bestatigung binnen sieben Tagen , dass dieser Burger von allen weiteren Maﬂnahmen Abstand nehmen wird , die eine Verletzung des Abrechnungsvertrages bedeuten .

Target: Lloyd 's therefore requested written confirmation within seven days that this citizen would desist from taking any further action in breach of the settlement agreement .

Predicted:  The following Member asked in his written statement was written by written seven days to see that these citizens are moved into two days after the BSE crisis . </s>
-----------------------------------------

Starting Epoch [25/30]
Epoch [25/30] complete in 803.336 seconds.
Train Loss: 21.610. Val Loss: 52.365

Source: Lloyd 's bat darin um die schriftliche Bestatigung binnen sieben Tagen , dass dieser Burger von allen weiteren Maﬂnahmen Abstand nehmen wird , die eine Verletzung des Abrechnungsvertrages bedeuten .

Target: Lloyd 's therefore requested written confirmation within seven days that this citizen would desist from taking any further action in breach of the settlement agreement .

Predicted:  The lack of data has been sent out to the written seven days that they would close their citizens to any other measure which is contrary to the human rights . </s>
-----------------------------------------

Starting Epoch [26/30]
Epoch [26/30] complete in 801.854 seconds.
Train Loss: 20.742. Val Loss: 52.899

Source: Lloyd 's bat darin um die schriftliche Bestatigung binnen sieben Tagen , dass dieser Burger von allen weiteren Maﬂnahmen Abstand nehmen wird , die eine Verletzung des Abrechnungsvertrages bedeuten .

Target: Lloyd 's therefore requested written confirmation within seven days that this citizen would desist from taking any further action in breach of the settlement agreement .

Predicted:  According to Mrs process 's written committee there were seven days ago that all citizens would distance themselves from any other measure that would mean a violation of the human rights . </s>
-----------------------------------------

Starting Epoch [27/30]
Epoch [27/30] complete in 799.359 seconds.
Train Loss: 19.931. Val Loss: 53.390

Source: Lloyd 's bat darin um die schriftliche Bestatigung binnen sieben Tagen , dass dieser Burger von allen weiteren Maﬂnahmen Abstand nehmen wird , die eine Verletzung des Abrechnungsvertrages bedeuten .

Target: Lloyd 's therefore requested written confirmation within seven days that this citizen would desist from taking any further action in breach of the settlement agreement .

Predicted:  According to Mrs into her written statement , Mr into two days he asked for the written House to distance themselves from any other measures to take a violation . </s>
-----------------------------------------

Starting Epoch [28/30]
Epoch [28/30] complete in 801.817 seconds.
Train Loss: 19.119. Val Loss: 54.534

Source: Lloyd 's bat darin um die schriftliche Bestatigung binnen sieben Tagen , dass dieser Burger von allen weiteren Maﬂnahmen Abstand nehmen wird , die eine Verletzung des Abrechnungsvertrages bedeuten .

Target: Lloyd 's therefore requested written confirmation within seven days that this citizen would desist from taking any further action in breach of the settlement agreement .

Predicted:  According to the written document , using written letters in seven days , it immediately claimed that these citizens would distance themselves from any particular action to the euro . </s>
-----------------------------------------

Starting Epoch [29/30]
Epoch [29/30] complete in 802.824 seconds.
Train Loss: 18.376. Val Loss: 54.521

Source: Lloyd 's bat darin um die schriftliche Bestatigung binnen sieben Tagen , dass dieser Burger von allen weiteren Maﬂnahmen Abstand nehmen wird , die eine Verletzung des Abrechnungsvertrages bedeuten .

Target: Lloyd 's therefore requested written confirmation within seven days that this citizen would desist from taking any further action in breach of the settlement agreement .

Predicted:  He said that under the written vote it made on the eight days that this citizen will distance themselves from any other action which is violation of the human rights . </s>
-----------------------------------------

Starting Epoch [30/30]
Epoch [30/30] complete in 799.613 seconds.
Train Loss: 17.652. Val Loss: 55.439

Source: Lloyd 's bat darin um die schriftliche Bestatigung binnen sieben Tagen , dass dieser Burger von allen weiteren Maﬂnahmen Abstand nehmen wird , die eine Verletzung des Abrechnungsvertrages bedeuten .

Target: Lloyd 's therefore requested written confirmation within seven days that this citizen would desist from taking any further action in breach of the settlement agreement .

Predicted:  According to the written statement he said in writing that the citizen would distance out of any further action that would mean violation of the Charter . </s>
-----------------------------------------

Training complete in 6.713 hours.
Best train loss: 33.49148215076058. Best val loss: 46.80255631856322. Attained at epoch 14
