Loding training data...
SRC vocab size: 18063
TGT vocab size: 30082
Starting Epoch [1/30]
Epoch [1/30] complete in 895.171 seconds.
Train Loss: 102.202. Val Loss: 85.004
Saving state dict

Source: Lloyd 's therefore requested written confirmation within seven days that this citizen would desist from taking any further action in breach of the settlement agreement .

Target: Lloyd 's bat darin um die schriftliche Bestatigung binnen sieben Tagen , dass dieser Burger von allen weiteren Maﬂnahmen Abstand nehmen wird , die eine Verletzung des Abrechnungsvertrages bedeuten .

Predicted:  Die Kommission hat nicht nicht in der Kommission , dass die Kommission die Kommission in der Europaischen Union in der Europaischen Union in der Europaischen Union zu tun . </s>
-----------------------------------------

Starting Epoch [2/30]
Epoch [2/30] complete in 907.661 seconds.
Train Loss: 80.991. Val Loss: 77.648
Saving state dict

Source: Lloyd 's therefore requested written confirmation within seven days that this citizen would desist from taking any further action in breach of the settlement agreement .

Target: Lloyd 's bat darin um die schriftliche Bestatigung binnen sieben Tagen , dass dieser Burger von allen weiteren Maﬂnahmen Abstand nehmen wird , die eine Verletzung des Abrechnungsvertrages bedeuten .

Predicted:  Es ist eine Reihe von Anderungsantragen , die in der letzten Jahren in der Tat in der Tat in der Tat in der Tat zu tun , die Moglichkeit haben . </s>
-----------------------------------------

Starting Epoch [3/30]
Epoch [3/30] complete in 914.471 seconds.
Train Loss: 72.550. Val Loss: 69.031
Saving state dict

Source: Lloyd 's therefore requested written confirmation within seven days that this citizen would desist from taking any further action in breach of the settlement agreement .

Target: Lloyd 's bat darin um die schriftliche Bestatigung binnen sieben Tagen , dass dieser Burger von allen weiteren Maﬂnahmen Abstand nehmen wird , die eine Verletzung des Abrechnungsvertrages bedeuten .

Predicted:  Die Moglichkeit , diese Woche in den letzten Jahren zu einem solchen Zeitpunkt zu erreichen , ware die Moglichkeit , die Burger in der Tat zu einem wichtigen Lesung zu erreichen . </s>
-----------------------------------------

Starting Epoch [4/30]
Epoch [4/30] complete in 925.235 seconds.
Train Loss: 64.848. Val Loss: 62.418
Saving state dict

Source: Lloyd 's therefore requested written confirmation within seven days that this citizen would desist from taking any further action in breach of the settlement agreement .

Target: Lloyd 's bat darin um die schriftliche Bestatigung binnen sieben Tagen , dass dieser Burger von allen weiteren Maﬂnahmen Abstand nehmen wird , die eine Verletzung des Abrechnungsvertrages bedeuten .

Predicted:  Deshalb wurde die Rede von den Abgeordneten in Brussel in den letzten Wochen von einem solchen Weg zur Verfugung gestellt , um die neue Vereinbarung zu erreichen . </s>
-----------------------------------------

Starting Epoch [5/30]
Epoch [5/30] complete in 902.418 seconds.
Train Loss: 58.660. Val Loss: 57.997
Saving state dict

Source: Lloyd 's therefore requested written confirmation within seven days that this citizen would desist from taking any further action in breach of the settlement agreement .

Target: Lloyd 's bat darin um die schriftliche Bestatigung binnen sieben Tagen , dass dieser Burger von allen weiteren Maﬂnahmen Abstand nehmen wird , die eine Verletzung des Abrechnungsvertrages bedeuten .

Predicted:  Deshalb wurde die von der Abgeordneten vorgeschlagenen Zeit in den letzten Tagen von Anfang von Anfang an die Burger aufgefordert , mehr Maﬂnahmen zu erreichen , um die Vereinbarung zu verhindern . </s>
-----------------------------------------

Starting Epoch [6/30]
Epoch [6/30] complete in 905.401 seconds.
Train Loss: 53.835. Val Loss: 54.260
Saving state dict

Source: Lloyd 's therefore requested written confirmation within seven days that this citizen would desist from taking any further action in breach of the settlement agreement .

Target: Lloyd 's bat darin um die schriftliche Bestatigung binnen sieben Tagen , dass dieser Burger von allen weiteren Maﬂnahmen Abstand nehmen wird , die eine Verletzung des Abrechnungsvertrages bedeuten .

Predicted:  Deshalb wurde die Worte von sieben Tagen in den Tagen von Brussel in die Lage gestellt , sich nicht auf die richtige Vereinbarung zu beschranken . </s>
-----------------------------------------

Starting Epoch [7/30]
Epoch [7/30] complete in 909.255 seconds.
Train Loss: 50.076. Val Loss: 52.383
Saving state dict

Source: Lloyd 's therefore requested written confirmation within seven days that this citizen would desist from taking any further action in breach of the settlement agreement .

Target: Lloyd 's bat darin um die schriftliche Bestatigung binnen sieben Tagen , dass dieser Burger von allen weiteren Maﬂnahmen Abstand nehmen wird , die eine Verletzung des Abrechnungsvertrages bedeuten .

Predicted:  Die von der Abgeordneten 54 Tage in sieben Tagen wurde sich dieser Burger nicht auf weitere Maﬂnahmen beschranken , um das Recht auf das Abkommen zu verhindern . </s>
-----------------------------------------

Starting Epoch [8/30]
Epoch [8/30] complete in 912.504 seconds.
Train Loss: 47.024. Val Loss: 51.099
Saving state dict

Source: Lloyd 's therefore requested written confirmation within seven days that this citizen would desist from taking any further action in breach of the settlement agreement .

Target: Lloyd 's bat darin um die schriftliche Bestatigung binnen sieben Tagen , dass dieser Burger von allen weiteren Maﬂnahmen Abstand nehmen wird , die eine Verletzung des Abrechnungsvertrages bedeuten .

Predicted:  Die von Paris hat daher in sieben Tagen bestatigt , dass dieses Burger sich nicht in einer weiteren Regelung des Abkommens gegen das Protokoll einigen . </s>
-----------------------------------------

Starting Epoch [9/30]
Epoch [9/30] complete in 916.028 seconds.
Train Loss: 44.506. Val Loss: 49.659
Saving state dict

Source: Lloyd 's therefore requested written confirmation within seven days that this citizen would desist from taking any further action in breach of the settlement agreement .

Target: Lloyd 's bat darin um die schriftliche Bestatigung binnen sieben Tagen , dass dieser Burger von allen weiteren Maﬂnahmen Abstand nehmen wird , die eine Verletzung des Abrechnungsvertrages bedeuten .

Predicted:  Die von sieben Tagen wurde deshalb in sieben Tagen angekundigt , dass dieses Burger sich nicht an der Losung des Abkommens von Kyoto halten wurde . </s>
-----------------------------------------

Starting Epoch [10/30]
Epoch [10/30] complete in 911.713 seconds.
Train Loss: 42.320. Val Loss: 49.095
Saving state dict

Source: Lloyd 's therefore requested written confirmation within seven days that this citizen would desist from taking any further action in breach of the settlement agreement .

Target: Lloyd 's bat darin um die schriftliche Bestatigung binnen sieben Tagen , dass dieser Burger von allen weiteren Maﬂnahmen Abstand nehmen wird , die eine Verletzung des Abrechnungsvertrages bedeuten .

Predicted:  Aus sieben Tagen wurde dieses Burger daher gestern bestatigt , dass dieser Burger sich nicht mehr gegen die Losung des Abkommens einsetzen wurde . </s>
-----------------------------------------

Starting Epoch [11/30]
Epoch [11/30] complete in 900.552 seconds.
Train Loss: 40.417. Val Loss: 47.749
Saving state dict

Source: Lloyd 's therefore requested written confirmation within seven days that this citizen would desist from taking any further action in breach of the settlement agreement .

Target: Lloyd 's bat darin um die schriftliche Bestatigung binnen sieben Tagen , dass dieser Burger von allen weiteren Maﬂnahmen Abstand nehmen wird , die eine Verletzung des Abrechnungsvertrages bedeuten .

Predicted:  Die von ungefahr sieben Tagen wurde daher bestatigt , dass dieser Burger in sieben Tagen nicht mehr in der Lage ware , das Abkommen gegen das Verfahren zu verstoﬂen . </s>
-----------------------------------------

Starting Epoch [12/30]
Epoch [12/30] complete in 904.592 seconds.
Train Loss: 38.641. Val Loss: 48.280

Source: Lloyd 's therefore requested written confirmation within seven days that this citizen would desist from taking any further action in breach of the settlement agreement .

Target: Lloyd 's bat darin um die schriftliche Bestatigung binnen sieben Tagen , dass dieser Burger von allen weiteren Maﬂnahmen Abstand nehmen wird , die eine Verletzung des Abrechnungsvertrages bedeuten .

Predicted:  Die von 1988 morgen angenommene Abstimmung wurde daher abgelehnt , dass dieser Burger in der Regel gegen das Protokoll der Liste von Cotonou keine weiteren Maﬂnahmen abgeben wurde . </s>
-----------------------------------------

Starting Epoch [13/30]
Epoch [13/30] complete in 920.910 seconds.
Train Loss: 37.092. Val Loss: 47.803

Source: Lloyd 's therefore requested written confirmation within seven days that this citizen would desist from taking any further action in breach of the settlement agreement .

Target: Lloyd 's bat darin um die schriftliche Bestatigung binnen sieben Tagen , dass dieser Burger von allen weiteren Maﬂnahmen Abstand nehmen wird , die eine Verletzung des Abrechnungsvertrages bedeuten .

Predicted:  Die von Jacques Saadawi , die in sieben Tagen beantragt wurden , wurde daher in diesem Parlament nicht mehr bereit sein , das Abkommen gegen das Verfahren zu verstoﬂen . </s>
-----------------------------------------

Starting Epoch [14/30]
Epoch [14/30] complete in 919.138 seconds.
Train Loss: 35.615. Val Loss: 48.106

Source: Lloyd 's therefore requested written confirmation within seven days that this citizen would desist from taking any further action in breach of the settlement agreement .

Target: Lloyd 's bat darin um die schriftliche Bestatigung binnen sieben Tagen , dass dieser Burger von allen weiteren Maﬂnahmen Abstand nehmen wird , die eine Verletzung des Abrechnungsvertrages bedeuten .

Predicted:  Die von Kroatien gestern in sieben Tagen hat darum gebeten , dass dieses Burger nicht mehr handeln werde , um das System der Losung der Liste zu verletzen . </s>
-----------------------------------------

Starting Epoch [15/30]
Epoch [15/30] complete in 912.600 seconds.
Train Loss: 34.273. Val Loss: 48.071

Source: Lloyd 's therefore requested written confirmation within seven days that this citizen would desist from taking any further action in breach of the settlement agreement .

Target: Lloyd 's bat darin um die schriftliche Bestatigung binnen sieben Tagen , dass dieser Burger von allen weiteren Maﬂnahmen Abstand nehmen wird , die eine Verletzung des Abrechnungsvertrages bedeuten .

Predicted:  Die von 130 Tagen wurde darum gebeten , dass dieser Burger in den sieben Tagen nicht mehr gegen das Vermittlungsverfahren verstoﬂen wurde . </s>
-----------------------------------------

Starting Epoch [16/30]
Epoch [16/30] complete in 904.495 seconds.
Train Loss: 32.957. Val Loss: 48.185

Source: Lloyd 's therefore requested written confirmation within seven days that this citizen would desist from taking any further action in breach of the settlement agreement .

Target: Lloyd 's bat darin um die schriftliche Bestatigung binnen sieben Tagen , dass dieser Burger von allen weiteren Maﬂnahmen Abstand nehmen wird , die eine Verletzung des Abrechnungsvertrages bedeuten .

Predicted:  Aus sieben Tagen wurde daher von 130 Tagen bestatigt , dass dieser Burger nicht mehr handeln werde , sondern dass er sich gegen das Assoziierungsabkommen verstoﬂen . </s>
-----------------------------------------

Starting Epoch [17/30]
Epoch [17/30] complete in 922.867 seconds.
Train Loss: 31.753. Val Loss: 48.651

Source: Lloyd 's therefore requested written confirmation within seven days that this citizen would desist from taking any further action in breach of the settlement agreement .

Target: Lloyd 's bat darin um die schriftliche Bestatigung binnen sieben Tagen , dass dieser Burger von allen weiteren Maﬂnahmen Abstand nehmen wird , die eine Verletzung des Abrechnungsvertrages bedeuten .

Predicted:  Die von 130 Tage hat daher bestatigt , dass dieses Burger in sieben Tagen , die eine weitere Aktion gegen die Losung des Abkommens abgeben wurden , nicht mehr tun . </s>
-----------------------------------------

Starting Epoch [18/30]
Epoch [18/30] complete in 917.639 seconds.
Train Loss: 30.630. Val Loss: 48.562

Source: Lloyd 's therefore requested written confirmation within seven days that this citizen would desist from taking any further action in breach of the settlement agreement .

Target: Lloyd 's bat darin um die schriftliche Bestatigung binnen sieben Tagen , dass dieser Burger von allen weiteren Maﬂnahmen Abstand nehmen wird , die eine Verletzung des Abrechnungsvertrages bedeuten .

Predicted:  In sieben Tagen wurde in sieben Tagen bestatigt , daﬂ dieser Burger nicht mehr handeln werde , sondern dass er in einer Verletzung der Losung der Vereinbarung steht . </s>
-----------------------------------------

Starting Epoch [19/30]
Epoch [19/30] complete in 918.423 seconds.
Train Loss: 29.620. Val Loss: 48.921

Source: Lloyd 's therefore requested written confirmation within seven days that this citizen would desist from taking any further action in breach of the settlement agreement .

Target: Lloyd 's bat darin um die schriftliche Bestatigung binnen sieben Tagen , dass dieser Burger von allen weiteren Maﬂnahmen Abstand nehmen wird , die eine Verletzung des Abrechnungsvertrages bedeuten .

Predicted:  In sieben Tagen wurde deshalb von vornherein bestatigt , dass dieser Burger nicht mehr etwas gegen das richtige Abkommen unternehmen wurde . </s>
-----------------------------------------

Starting Epoch [20/30]
Epoch [20/30] complete in 906.924 seconds.
Train Loss: 28.715. Val Loss: 49.285

Source: Lloyd 's therefore requested written confirmation within seven days that this citizen would desist from taking any further action in breach of the settlement agreement .

Target: Lloyd 's bat darin um die schriftliche Bestatigung binnen sieben Tagen , dass dieser Burger von allen weiteren Maﬂnahmen Abstand nehmen wird , die eine Verletzung des Abrechnungsvertrages bedeuten .

Predicted:  Aus sieben Tagen wurde daher mehrmals von sieben Tagen bestatigt , dass dieser Burger keine weiteren Schritte gegen das Entscheidungsverfahren abgeben wurde . </s>
-----------------------------------------

Starting Epoch [21/30]
Epoch [21/30] complete in 906.311 seconds.
Train Loss: 27.788. Val Loss: 50.035

Source: Lloyd 's therefore requested written confirmation within seven days that this citizen would desist from taking any further action in breach of the settlement agreement .

Target: Lloyd 's bat darin um die schriftliche Bestatigung binnen sieben Tagen , dass dieser Burger von allen weiteren Maﬂnahmen Abstand nehmen wird , die eine Verletzung des Abrechnungsvertrages bedeuten .

Predicted:  In sieben Tagen wurde daher von ungefahr sieben Tagen bestatigt , daﬂ dieser Burger in diesem Fall nichts gegen das Losung des Abkommens tun wurde . </s>
-----------------------------------------

Starting Epoch [22/30]
Epoch [22/30] complete in 902.619 seconds.
Train Loss: 26.849. Val Loss: 50.539

Source: Lloyd 's therefore requested written confirmation within seven days that this citizen would desist from taking any further action in breach of the settlement agreement .

Target: Lloyd 's bat darin um die schriftliche Bestatigung binnen sieben Tagen , dass dieser Burger von allen weiteren Maﬂnahmen Abstand nehmen wird , die eine Verletzung des Abrechnungsvertrages bedeuten .

Predicted:  In sieben Tagen wurde also von ungefahr sieben Tagen bestatigt , daﬂ dieser Burger gegen einen weiteren Schritt nach dem Protokoll zur Beilegung des Abkommens eintreten werde . </s>
-----------------------------------------

Starting Epoch [23/30]
Epoch [23/30] complete in 905.025 seconds.
Train Loss: 25.943. Val Loss: 51.286

Source: Lloyd 's therefore requested written confirmation within seven days that this citizen would desist from taking any further action in breach of the settlement agreement .

Target: Lloyd 's bat darin um die schriftliche Bestatigung binnen sieben Tagen , dass dieser Burger von allen weiteren Maﬂnahmen Abstand nehmen wird , die eine Verletzung des Abrechnungsvertrages bedeuten .

Predicted:  Die von Ankara , die in sieben Tagen bestatigt wurde , wurde dieser Burger daher nicht mehr etwas weiter handeln , indem er keine weiteren Schritte gegen das Abkommen verstoﬂt . </s>
-----------------------------------------

Starting Epoch [24/30]
Epoch [24/30] complete in 913.734 seconds.
Train Loss: 25.102. Val Loss: 51.653

Source: Lloyd 's therefore requested written confirmation within seven days that this citizen would desist from taking any further action in breach of the settlement agreement .

Target: Lloyd 's bat darin um die schriftliche Bestatigung binnen sieben Tagen , dass dieser Burger von allen weiteren Maﬂnahmen Abstand nehmen wird , die eine Verletzung des Abrechnungsvertrages bedeuten .

Predicted:  In sieben Tagen wurde daher von ungefahr ungefahr sieben Tagen bestatigt , daﬂ dieser Burger nicht mehr in Kraft treten werde , wenn er gegen eine weitere Verletzung der Vereinbarung wurde . </s>
-----------------------------------------

Starting Epoch [25/30]
Epoch [25/30] complete in 916.790 seconds.
Train Loss: 24.265. Val Loss: 52.257

Source: Lloyd 's therefore requested written confirmation within seven days that this citizen would desist from taking any further action in breach of the settlement agreement .

Target: Lloyd 's bat darin um die schriftliche Bestatigung binnen sieben Tagen , dass dieser Burger von allen weiteren Maﬂnahmen Abstand nehmen wird , die eine Verletzung des Abrechnungsvertrages bedeuten .

Predicted:  Aus diesem Grunde hat die in sieben Tagen offiziell bestatigt , dass dieser Burger nicht mehr etwas gegen das Protokoll unternehmen werde . </s>
-----------------------------------------

Starting Epoch [26/30]
Epoch [26/30] complete in 921.390 seconds.
Train Loss: 23.447. Val Loss: 53.203

Source: Lloyd 's therefore requested written confirmation within seven days that this citizen would desist from taking any further action in breach of the settlement agreement .

Target: Lloyd 's bat darin um die schriftliche Bestatigung binnen sieben Tagen , dass dieser Burger von allen weiteren Maﬂnahmen Abstand nehmen wird , die eine Verletzung des Abrechnungsvertrages bedeuten .

Predicted:  In der von mir geforderten sieben Tagen wurde in sieben Tagen bestatigt , dass dieser Burger nicht mehr ohne jegliche Schritte gegen das Friedensabkommen tun werde . </s>
-----------------------------------------

Starting Epoch [27/30]
Epoch [27/30] complete in 905.364 seconds.
Train Loss: 22.687. Val Loss: 53.814

Source: Lloyd 's therefore requested written confirmation within seven days that this citizen would desist from taking any further action in breach of the settlement agreement .

Target: Lloyd 's bat darin um die schriftliche Bestatigung binnen sieben Tagen , dass dieser Burger von allen weiteren Maﬂnahmen Abstand nehmen wird , die eine Verletzung des Abrechnungsvertrages bedeuten .

Predicted:  So hat die in etwa sieben Tagen offiziell bestatigt , daﬂ dieser Burger nicht mehr Kraft ware , wenn er etwas gegen das Losung des Abkommens erwartet . </s>
-----------------------------------------

Starting Epoch [28/30]
Epoch [28/30] complete in 916.191 seconds.
Train Loss: 21.969. Val Loss: 54.496

Source: Lloyd 's therefore requested written confirmation within seven days that this citizen would desist from taking any further action in breach of the settlement agreement .

Target: Lloyd 's bat darin um die schriftliche Bestatigung binnen sieben Tagen , dass dieser Burger von allen weiteren Maﬂnahmen Abstand nehmen wird , die eine Verletzung des Abrechnungsvertrages bedeuten .

Predicted:  Die von ungefahr sieben Tagen offiziell bestatigen wurde , daﬂ dieser Burger bei einer weiteren Verletzung der Vereinbarung ohne jegliche Einschrankung abgeben werde . </s>
-----------------------------------------

Starting Epoch [29/30]
Epoch [29/30] complete in 904.258 seconds.
Train Loss: 21.266. Val Loss: 56.373

Source: Lloyd 's therefore requested written confirmation within seven days that this citizen would desist from taking any further action in breach of the settlement agreement .

Target: Lloyd 's bat darin um die schriftliche Bestatigung binnen sieben Tagen , dass dieser Burger von allen weiteren Maﬂnahmen Abstand nehmen wird , die eine Verletzung des Abrechnungsvertrages bedeuten .

Predicted:  Die in sieben Tagen offiziell bestatigen , daﬂ dieser Burger nicht mehr in der Verletzung des Abkommens mit weiteren Schritten Kraft tritt . </s>
-----------------------------------------

Starting Epoch [30/30]
Epoch [30/30] complete in 901.649 seconds.
Train Loss: 20.604. Val Loss: 56.174

Source: Lloyd 's therefore requested written confirmation within seven days that this citizen would desist from taking any further action in breach of the settlement agreement .

Target: Lloyd 's bat darin um die schriftliche Bestatigung binnen sieben Tagen , dass dieser Burger von allen weiteren Maﬂnahmen Abstand nehmen wird , die eine Verletzung des Abrechnungsvertrages bedeuten .

Predicted:  In etwa sieben Tagen wurde deshalb von sieben Tagen bestatigt , daﬂ dieser Burger nicht mehr nach dem Protokoll zur Losung des Abkommens von etwa China vorgehen werde . </s>
-----------------------------------------

Training complete in 7.600 hours.
Best train loss: 40.417120871906924. Best val loss: 47.74919530148983. Attained at epoch 11
